<?xml version="1.0" encoding="UTF-8"?>
<!-- Generated by org.testng.reporters.JUnitReportReporter -->
<testsuite hostname="LTIN251772" failures="0" tests="1" name="testCases.TC_001_UserInfoValidation" time="1.219" errors="0" timestamp="2024-02-06T16:09:53 IST" skipped="0">
  <testcase classname="testCases.TC_001_UserInfoValidation" name="verify_userInfo" time="1.219"/>
</testsuite> <!-- testCases.TC_001_UserInfoValidation -->
