<?xml version="1.0" encoding="UTF-8"?>
<!-- Generated by org.testng.reporters.JUnitReportReporter -->
<testsuite hostname="LTIN251772" failures="0" tests="1" name="testCases.TC_001_UserInfoValidation" time="8.711" errors="0" timestamp="2024-02-06T11:53:04 IST" skipped="0">
  <testcase classname="testCases.TC_001_UserInfoValidation" name="verify_userInfo" time="8.711"/>
</testsuite> <!-- testCases.TC_001_UserInfoValidation -->
